<?xml version="1.0" encoding="UTF-8"?>
<!-- Generated by org.testng.reporters.JUnitReportReporter -->
<testsuite hostname="Waleeds-MacBook-Pro.local" failures="0" tests="1" name="LoginTest" time="26.175" errors="0" timestamp="2023-10-16T13:20:17 CEST" skipped="0">
  <testcase classname="LoginTest" name="loginTest" time="26.175"/>
</testsuite> <!-- LoginTest -->
